<?xml version="1.0" encoding="UTF-8"?>
<!-- Generated by org.testng.reporters.JUnitXMLReporter -->
<testsuite hostname="LAPTOP-0R4OL0F9" ignored="8" name="Regression Test" tests="5" failures="0" timestamp="03 Jun 2020 19:28:10 GMT" time="89.652" errors="0">
  <testcase name="TestNoteBookLinkHover" time="9.777" classname="tests.NoteBookLinkHoverTest"/>
  <testcase name="TestUserCanSearch" time="16.758" classname="tests.SearchPageTest"/>
  <testcase name="TestChangeCurrecny" time="19.277" classname="tests.ChangeCurrecnyTest"/>
  <testcase name="TestUserRegisterationPage" time="33.62" classname="tests.UserRegisterationUsingJavaFakerLibraryDDT"/>
  <testcase name="TestUserCanUseContactUs" time="9.996" classname="tests.ContactUsPageTest"/>
  <testcase name="@AfterSuite CloseDriver" time="0.0" classname="tests.TestBase">
    <ignored/>
  </testcase> <!-- @AfterSuite CloseDriver -->
  <testcase name="@AfterSuite CloseDriver" time="0.0" classname="tests.TestBase">
    <ignored/>
  </testcase> <!-- @AfterSuite CloseDriver -->
  <testcase name="@AfterSuite CloseDriver" time="0.0" classname="tests.TestBase">
    <ignored/>
  </testcase> <!-- @AfterSuite CloseDriver -->
  <testcase name="@AfterSuite CloseDriver" time="0.0" classname="tests.TestBase">
    <ignored/>
  </testcase> <!-- @AfterSuite CloseDriver -->
  <testcase name="@BeforeSuite OpenDriver" time="0.0" classname="tests.TestBase">
    <ignored/>
  </testcase> <!-- @BeforeSuite OpenDriver -->
  <testcase name="@BeforeSuite OpenDriver" time="0.0" classname="tests.TestBase">
    <ignored/>
  </testcase> <!-- @BeforeSuite OpenDriver -->
  <testcase name="@BeforeSuite OpenDriver" time="0.0" classname="tests.TestBase">
    <ignored/>
  </testcase> <!-- @BeforeSuite OpenDriver -->
  <testcase name="@BeforeSuite OpenDriver" time="0.0" classname="tests.TestBase">
    <ignored/>
  </testcase> <!-- @BeforeSuite OpenDriver -->
</testsuite> <!-- Regression Test -->
