<?xml version="1.0" encoding="UTF-8"?>
<testng-results skipped="0" failed="0" ignored="8" total="13" passed="5">
  <reporter-output>
  </reporter-output>
  <suite name="NopCommerce Regression Suite" duration-ms="76989" started-at="2020-06-07T18:46:28Z" finished-at="2020-06-07T18:47:45Z">
    <groups>
      <group name="cucumber">
        <method signature="AbstractTestNGCucumberTests.runScenario(io.cucumber.testng.PickleWrapper, io.cucumber.testng.FeatureWrapper)[pri:0, instance:tests.ChangeCurrecnyTest@14f3c6fc]" name="runScenario" class="io.cucumber.testng.AbstractTestNGCucumberTests"/>
        <method signature="AbstractTestNGCucumberTests.runScenario(io.cucumber.testng.PickleWrapper, io.cucumber.testng.FeatureWrapper)[pri:0, instance:tests.ContactUsPageTest@33b082c5]" name="runScenario" class="io.cucumber.testng.AbstractTestNGCucumberTests"/>
        <method signature="AbstractTestNGCucumberTests.runScenario(io.cucumber.testng.PickleWrapper, io.cucumber.testng.FeatureWrapper)[pri:0, instance:tests.NoteBookLinkHoverTest@a20b94b]" name="runScenario" class="io.cucumber.testng.AbstractTestNGCucumberTests"/>
        <method signature="AbstractTestNGCucumberTests.runScenario(io.cucumber.testng.PickleWrapper, io.cucumber.testng.FeatureWrapper)[pri:0, instance:tests.SearchPageTest@5cdf39b2]" name="runScenario" class="io.cucumber.testng.AbstractTestNGCucumberTests"/>
        <method signature="AbstractTestNGCucumberTests.runScenario(io.cucumber.testng.PickleWrapper, io.cucumber.testng.FeatureWrapper)[pri:0, instance:tests.UserRegisterationUsingJavaFakerLibraryDDT@3cd59ef5]" name="runScenario" class="io.cucumber.testng.AbstractTestNGCucumberTests"/>
      </group> <!-- cucumber -->
    </groups>
    <test name="Regression Test" duration-ms="76989" started-at="2020-06-07T18:46:28Z" finished-at="2020-06-07T18:47:45Z">
      <class name="tests.NoteBookLinkHoverTest">
        <test-method status="PASS" signature="OpenDriver(java.lang.String)[pri:0, instance:tests.NoteBookLinkHoverTest@a20b94b]" name="OpenDriver" is-config="true" duration-ms="8694" started-at="2020-06-07T18:46:19Z" finished-at="2020-06-07T18:46:28Z">
          <params>
            <param index="0">
              <value>
                <![CDATA[Chrome]]>
              </value>
            </param>
          </params>
          <reporter-output>
          </reporter-output>
        </test-method> <!-- OpenDriver -->
        <test-method status="PASS" signature="setUpClass()[pri:0, instance:tests.NoteBookLinkHoverTest@a20b94b]" name="setUpClass" is-config="true" duration-ms="100" started-at="2020-06-07T18:46:28Z" finished-at="2020-06-07T18:46:28Z">
          <reporter-output>
          </reporter-output>
        </test-method> <!-- setUpClass -->
        <test-method status="PASS" signature="TestNoteBookLinkHover()[pri:0, instance:tests.NoteBookLinkHoverTest@a20b94b]" name="TestNoteBookLinkHover" duration-ms="8471" started-at="2020-06-07T18:46:28Z" finished-at="2020-06-07T18:46:36Z">
          <reporter-output>
          </reporter-output>
        </test-method> <!-- TestNoteBookLinkHover -->
        <test-method status="PASS" signature="tearDownClass()[pri:0, instance:tests.NoteBookLinkHoverTest@a20b94b]" name="tearDownClass" is-config="true" duration-ms="13" started-at="2020-06-07T18:46:36Z" finished-at="2020-06-07T18:46:36Z">
          <reporter-output>
          </reporter-output>
        </test-method> <!-- tearDownClass -->
        <test-method status="PASS" signature="TakingScreenshotOnFailure(org.testng.ITestResult)[pri:0, instance:tests.NoteBookLinkHoverTest@a20b94b]" name="TakingScreenshotOnFailure" is-config="true" duration-ms="0" started-at="2020-06-07T18:46:36Z" finished-at="2020-06-07T18:46:36Z">
          <params>
            <param index="0">
              <value>
                <![CDATA[[TestResult name=TestNoteBookLinkHover status=SUCCESS method=NoteBookLinkHoverTest.TestNoteBookLinkHover()[pri:0, instance:tests.NoteBookLinkHoverTest@a20b94b] output={null}]]]>
              </value>
            </param>
          </params>
          <reporter-output>
          </reporter-output>
        </test-method> <!-- TakingScreenshotOnFailure -->
        <test-method status="PASS" signature="CloseDriver()[pri:0, instance:tests.NoteBookLinkHoverTest@a20b94b]" name="CloseDriver" is-config="true" duration-ms="643" started-at="2020-06-07T18:47:45Z" finished-at="2020-06-07T18:47:45Z">
          <reporter-output>
          </reporter-output>
        </test-method> <!-- CloseDriver -->
      </class> <!-- tests.NoteBookLinkHoverTest -->
      <class name="tests.ChangeCurrecnyTest">
        <test-method status="PASS" signature="setUpClass()[pri:0, instance:tests.ChangeCurrecnyTest@14f3c6fc]" name="setUpClass" is-config="true" duration-ms="8" started-at="2020-06-07T18:46:50Z" finished-at="2020-06-07T18:46:50Z">
          <reporter-output>
          </reporter-output>
        </test-method> <!-- setUpClass -->
        <test-method status="PASS" signature="TestChangeCurrecny()[pri:0, instance:tests.ChangeCurrecnyTest@14f3c6fc]" name="TestChangeCurrecny" duration-ms="16486" started-at="2020-06-07T18:46:50Z" finished-at="2020-06-07T18:47:07Z">
          <reporter-output>
          </reporter-output>
        </test-method> <!-- TestChangeCurrecny -->
        <test-method status="PASS" signature="TakingScreenshotOnFailure(org.testng.ITestResult)[pri:0, instance:tests.ChangeCurrecnyTest@14f3c6fc]" name="TakingScreenshotOnFailure" is-config="true" duration-ms="0" started-at="2020-06-07T18:47:07Z" finished-at="2020-06-07T18:47:07Z">
          <params>
            <param index="0">
              <value>
                <![CDATA[[TestResult name=TestChangeCurrecny status=SUCCESS method=ChangeCurrecnyTest.TestChangeCurrecny()[pri:0, instance:tests.ChangeCurrecnyTest@14f3c6fc] output={null}]]]>
              </value>
            </param>
          </params>
          <reporter-output>
          </reporter-output>
        </test-method> <!-- TakingScreenshotOnFailure -->
        <test-method status="PASS" signature="tearDownClass()[pri:0, instance:tests.ChangeCurrecnyTest@14f3c6fc]" name="tearDownClass" is-config="true" duration-ms="0" started-at="2020-06-07T18:47:07Z" finished-at="2020-06-07T18:47:07Z">
          <reporter-output>
          </reporter-output>
        </test-method> <!-- tearDownClass -->
      </class> <!-- tests.ChangeCurrecnyTest -->
      <class name="tests.ContactUsPageTest">
        <test-method status="PASS" signature="TestUserCanUseContactUs()[pri:0, instance:tests.ContactUsPageTest@33b082c5]" name="TestUserCanUseContactUs" duration-ms="9532" started-at="2020-06-07T18:47:35Z" finished-at="2020-06-07T18:47:45Z">
          <reporter-output>
          </reporter-output>
        </test-method> <!-- TestUserCanUseContactUs -->
        <test-method status="PASS" signature="setUpClass()[pri:0, instance:tests.ContactUsPageTest@33b082c5]" name="setUpClass" is-config="true" duration-ms="0" started-at="2020-06-07T18:47:35Z" finished-at="2020-06-07T18:47:35Z">
          <reporter-output>
          </reporter-output>
        </test-method> <!-- setUpClass -->
        <test-method status="PASS" signature="TakingScreenshotOnFailure(org.testng.ITestResult)[pri:0, instance:tests.ContactUsPageTest@33b082c5]" name="TakingScreenshotOnFailure" is-config="true" duration-ms="0" started-at="2020-06-07T18:47:45Z" finished-at="2020-06-07T18:47:45Z">
          <params>
            <param index="0">
              <value>
                <![CDATA[[TestResult name=TestUserCanUseContactUs status=SUCCESS method=ContactUsPageTest.TestUserCanUseContactUs()[pri:0, instance:tests.ContactUsPageTest@33b082c5] output={null}]]]>
              </value>
            </param>
          </params>
          <reporter-output>
          </reporter-output>
        </test-method> <!-- TakingScreenshotOnFailure -->
        <test-method status="PASS" signature="tearDownClass()[pri:0, instance:tests.ContactUsPageTest@33b082c5]" name="tearDownClass" is-config="true" duration-ms="0" started-at="2020-06-07T18:47:45Z" finished-at="2020-06-07T18:47:45Z">
          <reporter-output>
          </reporter-output>
        </test-method> <!-- tearDownClass -->
      </class> <!-- tests.ContactUsPageTest -->
      <class name="tests.UserRegisterationUsingJavaFakerLibraryDDT">
        <test-method status="PASS" signature="setUpClass()[pri:0, instance:tests.UserRegisterationUsingJavaFakerLibraryDDT@3cd59ef5]" name="setUpClass" is-config="true" duration-ms="8" started-at="2020-06-07T18:47:07Z" finished-at="2020-06-07T18:47:07Z">
          <reporter-output>
          </reporter-output>
        </test-method> <!-- setUpClass -->
        <test-method status="PASS" signature="TestUserRegisterationPage()[pri:0, instance:tests.UserRegisterationUsingJavaFakerLibraryDDT@3cd59ef5]" name="TestUserRegisterationPage" duration-ms="28238" started-at="2020-06-07T18:47:07Z" finished-at="2020-06-07T18:47:35Z">
          <reporter-output>
          </reporter-output>
        </test-method> <!-- TestUserRegisterationPage -->
        <test-method status="PASS" signature="tearDownClass()[pri:0, instance:tests.UserRegisterationUsingJavaFakerLibraryDDT@3cd59ef5]" name="tearDownClass" is-config="true" duration-ms="0" started-at="2020-06-07T18:47:35Z" finished-at="2020-06-07T18:47:35Z">
          <reporter-output>
          </reporter-output>
        </test-method> <!-- tearDownClass -->
        <test-method status="PASS" signature="TakingScreenshotOnFailure(org.testng.ITestResult)[pri:0, instance:tests.UserRegisterationUsingJavaFakerLibraryDDT@3cd59ef5]" name="TakingScreenshotOnFailure" is-config="true" duration-ms="0" started-at="2020-06-07T18:47:35Z" finished-at="2020-06-07T18:47:35Z">
          <params>
            <param index="0">
              <value>
                <![CDATA[[TestResult name=TestUserRegisterationPage status=SUCCESS method=UserRegisterationUsingJavaFakerLibraryDDT.TestUserRegisterationPage()[pri:0, instance:tests.UserRegisterationUsingJavaFakerLibraryDDT@3cd59ef5] output={null}]]]>
              </value>
            </param>
          </params>
          <reporter-output>
          </reporter-output>
        </test-method> <!-- TakingScreenshotOnFailure -->
      </class> <!-- tests.UserRegisterationUsingJavaFakerLibraryDDT -->
      <class name="tests.SearchPageTest">
        <test-method status="PASS" signature="setUpClass()[pri:0, instance:tests.SearchPageTest@5cdf39b2]" name="setUpClass" is-config="true" duration-ms="10" started-at="2020-06-07T18:46:36Z" finished-at="2020-06-07T18:46:36Z">
          <reporter-output>
          </reporter-output>
        </test-method> <!-- setUpClass -->
        <test-method status="PASS" signature="TestUserCanSearch()[pri:0, instance:tests.SearchPageTest@5cdf39b2]" name="TestUserCanSearch" duration-ms="14103" started-at="2020-06-07T18:46:36Z" finished-at="2020-06-07T18:46:50Z">
          <reporter-output>
          </reporter-output>
        </test-method> <!-- TestUserCanSearch -->
        <test-method status="PASS" signature="TakingScreenshotOnFailure(org.testng.ITestResult)[pri:0, instance:tests.SearchPageTest@5cdf39b2]" name="TakingScreenshotOnFailure" is-config="true" duration-ms="0" started-at="2020-06-07T18:46:50Z" finished-at="2020-06-07T18:46:50Z">
          <params>
            <param index="0">
              <value>
                <![CDATA[[TestResult name=TestUserCanSearch status=SUCCESS method=SearchPageTest.TestUserCanSearch()[pri:0, instance:tests.SearchPageTest@5cdf39b2] output={null}]]]>
              </value>
            </param>
          </params>
          <reporter-output>
          </reporter-output>
        </test-method> <!-- TakingScreenshotOnFailure -->
        <test-method status="PASS" signature="tearDownClass()[pri:0, instance:tests.SearchPageTest@5cdf39b2]" name="tearDownClass" is-config="true" duration-ms="0" started-at="2020-06-07T18:46:50Z" finished-at="2020-06-07T18:46:50Z">
          <reporter-output>
          </reporter-output>
        </test-method> <!-- tearDownClass -->
      </class> <!-- tests.SearchPageTest -->
    </test> <!-- Regression Test -->
  </suite> <!-- NopCommerce Regression Suite -->
</testng-results>
