<?xml version="1.0" encoding="UTF-8"?>
<testng-results skipped="0" failed="0" ignored="8" total="13" passed="5">
  <reporter-output>
  </reporter-output>
  <suite name="NopCommerce Regression Suite" duration-ms="89652" started-at="2020-06-03T19:26:40Z" finished-at="2020-06-03T19:28:10Z">
    <groups>
      <group name="cucumber">
        <method signature="AbstractTestNGCucumberTests.runScenario(io.cucumber.testng.PickleWrapper, io.cucumber.testng.FeatureWrapper)[pri:0, instance:tests.ChangeCurrecnyTest@1686f0b4]" name="runScenario" class="io.cucumber.testng.AbstractTestNGCucumberTests"/>
        <method signature="AbstractTestNGCucumberTests.runScenario(io.cucumber.testng.PickleWrapper, io.cucumber.testng.FeatureWrapper)[pri:0, instance:tests.ContactUsPageTest@3900fa71]" name="runScenario" class="io.cucumber.testng.AbstractTestNGCucumberTests"/>
        <method signature="AbstractTestNGCucumberTests.runScenario(io.cucumber.testng.PickleWrapper, io.cucumber.testng.FeatureWrapper)[pri:0, instance:tests.NoteBookLinkHoverTest@36f1046f]" name="runScenario" class="io.cucumber.testng.AbstractTestNGCucumberTests"/>
        <method signature="AbstractTestNGCucumberTests.runScenario(io.cucumber.testng.PickleWrapper, io.cucumber.testng.FeatureWrapper)[pri:0, instance:tests.SearchPageTest@56d93692]" name="runScenario" class="io.cucumber.testng.AbstractTestNGCucumberTests"/>
        <method signature="AbstractTestNGCucumberTests.runScenario(io.cucumber.testng.PickleWrapper, io.cucumber.testng.FeatureWrapper)[pri:0, instance:tests.UserRegisterationUsingJavaFakerLibraryDDT@76c548f]" name="runScenario" class="io.cucumber.testng.AbstractTestNGCucumberTests"/>
      </group> <!-- cucumber -->
    </groups>
    <test name="Regression Test" duration-ms="89652" started-at="2020-06-03T19:26:40Z" finished-at="2020-06-03T19:28:10Z">
      <class name="tests.NoteBookLinkHoverTest">
        <test-method status="PASS" signature="OpenDriver(java.lang.String)[pri:0, instance:tests.NoteBookLinkHoverTest@36f1046f]" name="OpenDriver" is-config="true" duration-ms="9868" started-at="2020-06-03T19:26:30Z" finished-at="2020-06-03T19:26:40Z">
          <params>
            <param index="0">
              <value>
                <![CDATA[Chrome]]>
              </value>
            </param>
          </params>
          <reporter-output>
          </reporter-output>
        </test-method> <!-- OpenDriver -->
        <test-method status="PASS" signature="setUpClass()[pri:0, instance:tests.NoteBookLinkHoverTest@36f1046f]" name="setUpClass" is-config="true" duration-ms="114" started-at="2020-06-03T19:26:40Z" finished-at="2020-06-03T19:26:40Z">
          <reporter-output>
          </reporter-output>
        </test-method> <!-- setUpClass -->
        <test-method status="PASS" signature="TestNoteBookLinkHover()[pri:0, instance:tests.NoteBookLinkHoverTest@36f1046f]" name="TestNoteBookLinkHover" duration-ms="9777" started-at="2020-06-03T19:26:40Z" finished-at="2020-06-03T19:26:50Z">
          <reporter-output>
          </reporter-output>
        </test-method> <!-- TestNoteBookLinkHover -->
        <test-method status="PASS" signature="TakingScreenshotOnFailure(org.testng.ITestResult)[pri:0, instance:tests.NoteBookLinkHoverTest@36f1046f]" name="TakingScreenshotOnFailure" is-config="true" duration-ms="2" started-at="2020-06-03T19:26:50Z" finished-at="2020-06-03T19:26:50Z">
          <params>
            <param index="0">
              <value>
                <![CDATA[[TestResult name=TestNoteBookLinkHover status=SUCCESS method=NoteBookLinkHoverTest.TestNoteBookLinkHover()[pri:0, instance:tests.NoteBookLinkHoverTest@36f1046f] output={null}]]]>
              </value>
            </param>
          </params>
          <reporter-output>
          </reporter-output>
        </test-method> <!-- TakingScreenshotOnFailure -->
        <test-method status="PASS" signature="tearDownClass()[pri:0, instance:tests.NoteBookLinkHoverTest@36f1046f]" name="tearDownClass" is-config="true" duration-ms="16" started-at="2020-06-03T19:26:50Z" finished-at="2020-06-03T19:26:50Z">
          <reporter-output>
          </reporter-output>
        </test-method> <!-- tearDownClass -->
        <test-method status="PASS" signature="CloseDriver()[pri:0, instance:tests.NoteBookLinkHoverTest@36f1046f]" name="CloseDriver" is-config="true" duration-ms="672" started-at="2020-06-03T19:28:10Z" finished-at="2020-06-03T19:28:11Z">
          <reporter-output>
          </reporter-output>
        </test-method> <!-- CloseDriver -->
      </class> <!-- tests.NoteBookLinkHoverTest -->
      <class name="tests.ChangeCurrecnyTest">
        <test-method status="PASS" signature="setUpClass()[pri:0, instance:tests.ChangeCurrecnyTest@1686f0b4]" name="setUpClass" is-config="true" duration-ms="10" started-at="2020-06-03T19:27:07Z" finished-at="2020-06-03T19:27:07Z">
          <reporter-output>
          </reporter-output>
        </test-method> <!-- setUpClass -->
        <test-method status="PASS" signature="TestChangeCurrecny()[pri:0, instance:tests.ChangeCurrecnyTest@1686f0b4]" name="TestChangeCurrecny" duration-ms="19277" started-at="2020-06-03T19:27:07Z" finished-at="2020-06-03T19:27:26Z">
          <reporter-output>
          </reporter-output>
        </test-method> <!-- TestChangeCurrecny -->
        <test-method status="PASS" signature="TakingScreenshotOnFailure(org.testng.ITestResult)[pri:0, instance:tests.ChangeCurrecnyTest@1686f0b4]" name="TakingScreenshotOnFailure" is-config="true" duration-ms="1" started-at="2020-06-03T19:27:26Z" finished-at="2020-06-03T19:27:26Z">
          <params>
            <param index="0">
              <value>
                <![CDATA[[TestResult name=TestChangeCurrecny status=SUCCESS method=ChangeCurrecnyTest.TestChangeCurrecny()[pri:0, instance:tests.ChangeCurrecnyTest@1686f0b4] output={null}]]]>
              </value>
            </param>
          </params>
          <reporter-output>
          </reporter-output>
        </test-method> <!-- TakingScreenshotOnFailure -->
        <test-method status="PASS" signature="tearDownClass()[pri:0, instance:tests.ChangeCurrecnyTest@1686f0b4]" name="tearDownClass" is-config="true" duration-ms="2" started-at="2020-06-03T19:27:26Z" finished-at="2020-06-03T19:27:26Z">
          <reporter-output>
          </reporter-output>
        </test-method> <!-- tearDownClass -->
      </class> <!-- tests.ChangeCurrecnyTest -->
      <class name="tests.ContactUsPageTest">
        <test-method status="PASS" signature="setUpClass()[pri:0, instance:tests.ContactUsPageTest@3900fa71]" name="setUpClass" is-config="true" duration-ms="9" started-at="2020-06-03T19:28:00Z" finished-at="2020-06-03T19:28:00Z">
          <reporter-output>
          </reporter-output>
        </test-method> <!-- setUpClass -->
        <test-method status="PASS" signature="TestUserCanUseContactUs()[pri:0, instance:tests.ContactUsPageTest@3900fa71]" name="TestUserCanUseContactUs" duration-ms="9996" started-at="2020-06-03T19:28:00Z" finished-at="2020-06-03T19:28:10Z">
          <reporter-output>
          </reporter-output>
        </test-method> <!-- TestUserCanUseContactUs -->
        <test-method status="PASS" signature="TakingScreenshotOnFailure(org.testng.ITestResult)[pri:0, instance:tests.ContactUsPageTest@3900fa71]" name="TakingScreenshotOnFailure" is-config="true" duration-ms="1" started-at="2020-06-03T19:28:10Z" finished-at="2020-06-03T19:28:10Z">
          <params>
            <param index="0">
              <value>
                <![CDATA[[TestResult name=TestUserCanUseContactUs status=SUCCESS method=ContactUsPageTest.TestUserCanUseContactUs()[pri:0, instance:tests.ContactUsPageTest@3900fa71] output={null}]]]>
              </value>
            </param>
          </params>
          <reporter-output>
          </reporter-output>
        </test-method> <!-- TakingScreenshotOnFailure -->
        <test-method status="PASS" signature="tearDownClass()[pri:0, instance:tests.ContactUsPageTest@3900fa71]" name="tearDownClass" is-config="true" duration-ms="0" started-at="2020-06-03T19:28:10Z" finished-at="2020-06-03T19:28:10Z">
          <reporter-output>
          </reporter-output>
        </test-method> <!-- tearDownClass -->
      </class> <!-- tests.ContactUsPageTest -->
      <class name="tests.UserRegisterationUsingJavaFakerLibraryDDT">
        <test-method status="PASS" signature="setUpClass()[pri:0, instance:tests.UserRegisterationUsingJavaFakerLibraryDDT@76c548f]" name="setUpClass" is-config="true" duration-ms="11" started-at="2020-06-03T19:27:26Z" finished-at="2020-06-03T19:27:26Z">
          <reporter-output>
          </reporter-output>
        </test-method> <!-- setUpClass -->
        <test-method status="PASS" signature="TestUserRegisterationPage()[pri:0, instance:tests.UserRegisterationUsingJavaFakerLibraryDDT@76c548f]" name="TestUserRegisterationPage" duration-ms="33620" started-at="2020-06-03T19:27:26Z" finished-at="2020-06-03T19:28:00Z">
          <reporter-output>
          </reporter-output>
        </test-method> <!-- TestUserRegisterationPage -->
        <test-method status="PASS" signature="TakingScreenshotOnFailure(org.testng.ITestResult)[pri:0, instance:tests.UserRegisterationUsingJavaFakerLibraryDDT@76c548f]" name="TakingScreenshotOnFailure" is-config="true" duration-ms="0" started-at="2020-06-03T19:28:00Z" finished-at="2020-06-03T19:28:00Z">
          <params>
            <param index="0">
              <value>
                <![CDATA[[TestResult name=TestUserRegisterationPage status=SUCCESS method=UserRegisterationUsingJavaFakerLibraryDDT.TestUserRegisterationPage()[pri:0, instance:tests.UserRegisterationUsingJavaFakerLibraryDDT@76c548f] output={null}]]]>
              </value>
            </param>
          </params>
          <reporter-output>
          </reporter-output>
        </test-method> <!-- TakingScreenshotOnFailure -->
        <test-method status="PASS" signature="tearDownClass()[pri:0, instance:tests.UserRegisterationUsingJavaFakerLibraryDDT@76c548f]" name="tearDownClass" is-config="true" duration-ms="2" started-at="2020-06-03T19:28:00Z" finished-at="2020-06-03T19:28:00Z">
          <reporter-output>
          </reporter-output>
        </test-method> <!-- tearDownClass -->
      </class> <!-- tests.UserRegisterationUsingJavaFakerLibraryDDT -->
      <class name="tests.SearchPageTest">
        <test-method status="PASS" signature="setUpClass()[pri:0, instance:tests.SearchPageTest@56d93692]" name="setUpClass" is-config="true" duration-ms="14" started-at="2020-06-03T19:26:50Z" finished-at="2020-06-03T19:26:50Z">
          <reporter-output>
          </reporter-output>
        </test-method> <!-- setUpClass -->
        <test-method status="PASS" signature="TestUserCanSearch()[pri:0, instance:tests.SearchPageTest@56d93692]" name="TestUserCanSearch" duration-ms="16758" started-at="2020-06-03T19:26:50Z" finished-at="2020-06-03T19:27:07Z">
          <reporter-output>
          </reporter-output>
        </test-method> <!-- TestUserCanSearch -->
        <test-method status="PASS" signature="TakingScreenshotOnFailure(org.testng.ITestResult)[pri:0, instance:tests.SearchPageTest@56d93692]" name="TakingScreenshotOnFailure" is-config="true" duration-ms="0" started-at="2020-06-03T19:27:07Z" finished-at="2020-06-03T19:27:07Z">
          <params>
            <param index="0">
              <value>
                <![CDATA[[TestResult name=TestUserCanSearch status=SUCCESS method=SearchPageTest.TestUserCanSearch()[pri:0, instance:tests.SearchPageTest@56d93692] output={null}]]]>
              </value>
            </param>
          </params>
          <reporter-output>
          </reporter-output>
        </test-method> <!-- TakingScreenshotOnFailure -->
        <test-method status="PASS" signature="tearDownClass()[pri:0, instance:tests.SearchPageTest@56d93692]" name="tearDownClass" is-config="true" duration-ms="2" started-at="2020-06-03T19:27:07Z" finished-at="2020-06-03T19:27:07Z">
          <reporter-output>
          </reporter-output>
        </test-method> <!-- tearDownClass -->
      </class> <!-- tests.SearchPageTest -->
    </test> <!-- Regression Test -->
  </suite> <!-- NopCommerce Regression Suite -->
</testng-results>
