<?xml version="1.0" encoding="UTF-8"?>
<!-- Generated by org.testng.reporters.JUnitXMLReporter -->
<testsuite hostname="LAPTOP-0R4OL0F9" ignored="8" name="Regression Test" tests="5" failures="0" timestamp="07 Jun 2020 18:47:45 GMT" time="76.989" errors="0">
  <testcase name="TestNoteBookLinkHover" time="8.471" classname="tests.NoteBookLinkHoverTest"/>
  <testcase name="TestUserCanSearch" time="14.103" classname="tests.SearchPageTest"/>
  <testcase name="TestChangeCurrecny" time="16.486" classname="tests.ChangeCurrecnyTest"/>
  <testcase name="TestUserRegisterationPage" time="28.238" classname="tests.UserRegisterationUsingJavaFakerLibraryDDT"/>
  <testcase name="TestUserCanUseContactUs" time="9.532" classname="tests.ContactUsPageTest"/>
  <testcase name="@AfterSuite CloseDriver" time="0.0" classname="tests.TestBase">
    <ignored/>
  </testcase> <!-- @AfterSuite CloseDriver -->
  <testcase name="@AfterSuite CloseDriver" time="0.0" classname="tests.TestBase">
    <ignored/>
  </testcase> <!-- @AfterSuite CloseDriver -->
  <testcase name="@AfterSuite CloseDriver" time="0.0" classname="tests.TestBase">
    <ignored/>
  </testcase> <!-- @AfterSuite CloseDriver -->
  <testcase name="@AfterSuite CloseDriver" time="0.0" classname="tests.TestBase">
    <ignored/>
  </testcase> <!-- @AfterSuite CloseDriver -->
  <testcase name="@BeforeSuite OpenDriver" time="0.0" classname="tests.TestBase">
    <ignored/>
  </testcase> <!-- @BeforeSuite OpenDriver -->
  <testcase name="@BeforeSuite OpenDriver" time="0.0" classname="tests.TestBase">
    <ignored/>
  </testcase> <!-- @BeforeSuite OpenDriver -->
  <testcase name="@BeforeSuite OpenDriver" time="0.0" classname="tests.TestBase">
    <ignored/>
  </testcase> <!-- @BeforeSuite OpenDriver -->
  <testcase name="@BeforeSuite OpenDriver" time="0.0" classname="tests.TestBase">
    <ignored/>
  </testcase> <!-- @BeforeSuite OpenDriver -->
</testsuite> <!-- Regression Test -->
